<?xml version="1.0" encoding="utf-8"?><testsuites><testsuite name="pytest" errors="0" failures="0" skipped="0" tests="12" time="0.148" timestamp="2025-02-02T16:08:47.575794+05:30" hostname="DESKTOP-6CM0UNC"><testcase classname="test_fixtures_practice" name="test_demo" time="0.002" /><testcase classname="test_fixtures_practice.Test_class_fixture" name="test_demo1" time="0.001" /><testcase classname="test_fixtures_practice.Test_class_fixture" name="test_demo2" time="0.001" /><testcase classname="test_fixtures_practice.Test_class_fixture" name="test_demo3" time="0.001" /><testcase classname="test_fixtures_practice.Test_class_fixture" name="test_demo4" time="0.001" /><testcase classname="test_fixtures_practice" name="test_using_fixture" time="0.001" /><testcase classname="test_practice_1" name="test_first" time="0.001" /><testcase classname="test_practice_1" name="test_second" time="0.001" /><testcase classname="test_practice_1" name="test_family[family_name0]" time="0.001" /><testcase classname="test_practice_1" name="test_family[family_name1]" time="0.001" /><testcase classname="test_practice_1" name="test_family[family_name2]" time="0.001" /><testcase classname="test_practice_2.Test_logger" name="test_first" time="0.068" /></testsuite></testsuites>